\BOOKMARK [0][-]{chapter*.3}{\376\377\000A\000c\000k\000n\000o\000w\000l\000e\000d\000g\000e\000m\000e\000n\000t\000s}{}% 1
\BOOKMARK [0][-]{chapter*.4}{\376\377\000A\000b\000s\000t\000r\000a\000c\000t}{}% 2
\BOOKMARK [0][-]{chapter.1}{\376\377\000C\000h\000a\000p\000t\000e\000r\000\040\0001\000:\000\040\000I\000N\000T\000R\000O\000D\000U\000C\000T\000I\000O\000N}{}% 3
\BOOKMARK [1][-]{section.1.1}{\376\377\000P\000r\000o\000b\000l\000e\000m\000\040\000S\000t\000a\000t\000e\000m\000e\000n\000t}{chapter.1}% 4
\BOOKMARK [1][-]{section.1.2}{\376\377\000P\000r\000o\000j\000e\000c\000t\000\040\000O\000b\000j\000e\000c\000t\000i\000v\000e\000s}{chapter.1}% 5
\BOOKMARK [1][-]{section.1.3}{\376\377\000S\000c\000o\000p\000e\000\040\000o\000f\000\040\000t\000h\000e\000\040\000P\000r\000o\000j\000e\000c\000t}{chapter.1}% 6
\BOOKMARK [1][-]{section.1.4}{\376\377\000O\000r\000g\000a\000n\000i\000z\000a\000t\000i\000o\000n\000\040\000o\000f\000\040\000t\000h\000e\000\040\000R\000e\000p\000o\000r\000t}{chapter.1}% 7
\BOOKMARK [0][-]{section.1.4}{\376\377\000C\000h\000a\000p\000t\000e\000r\000\040\0001\000A\000:\000\040\000S\000O\000F\000T\000W\000A\000R\000E\000\040\000R\000E\000Q\000U\000I\000R\000E\000M\000E\000N\000T\000S\000\040\000S\000P\000E\000C\000I\000F\000I\000C\000A\000T\000I\000O\000N}{}% 8
\BOOKMARK [1][-]{section.1.5}{\376\377\000F\000u\000n\000c\000t\000i\000o\000n\000a\000l\000\040\000R\000e\000q\000u\000i\000r\000e\000m\000e\000n\000t\000s}{section.1.4}% 9
\BOOKMARK [1][-]{section.1.6}{\376\377\000N\000o\000n\000-\000F\000u\000n\000c\000t\000i\000o\000n\000a\000l\000\040\000R\000e\000q\000u\000i\000r\000e\000m\000e\000n\000t\000s}{section.1.4}% 10
\BOOKMARK [0][-]{section.1.6}{\376\377\000C\000h\000a\000p\000t\000e\000r\000\040\0001\000B\000:\000\040\000E\000R\000\040\000D\000I\000A\000G\000R\000A\000M\000\040\000A\000N\000D\000\040\000C\000O\000N\000C\000E\000P\000T\000U\000A\000L\000\040\000D\000E\000S\000I\000G\000N}{}% 11
\BOOKMARK [1][-]{section.1.7}{\376\377\000E\000n\000t\000i\000t\000i\000e\000s\000\040\000a\000n\000d\000\040\000A\000t\000t\000r\000i\000b\000u\000t\000e\000s}{section.1.6}% 12
\BOOKMARK [2][-]{subsection.1.7.1}{\376\377\000U\000s\000e\000r\000\040\000E\000n\000t\000i\000t\000y}{section.1.7}% 13
\BOOKMARK [2][-]{subsection.1.7.2}{\376\377\000L\000i\000s\000t\000i\000n\000g\000\040\000\050\000C\000o\000m\000p\000l\000a\000i\000n\000t\000\051\000\040\000E\000n\000t\000i\000t\000y}{section.1.7}% 14
\BOOKMARK [2][-]{subsection.1.7.3}{\376\377\000A\000u\000t\000h\000o\000r\000i\000t\000y\000\040\000E\000n\000t\000i\000t\000y}{section.1.7}% 15
\BOOKMARK [2][-]{subsection.1.7.4}{\376\377\000S\000e\000s\000s\000i\000o\000n\000\040\000E\000n\000t\000i\000t\000y}{section.1.7}% 16
\BOOKMARK [1][-]{section.1.8}{\376\377\000R\000e\000l\000a\000t\000i\000o\000n\000s\000h\000i\000p\000s\000\040\000a\000n\000d\000\040\000E\000R\000\040\000M\000o\000d\000e\000l}{section.1.6}% 17
\BOOKMARK [1][-]{section.1.9}{\376\377\000R\000e\000l\000a\000t\000i\000o\000n\000a\000l\000\040\000S\000c\000h\000e\000m\000a\000\040\000\046\000\040\000N\000o\000r\000m\000a\000l\000i\000z\000a\000t\000i\000o\000n}{section.1.6}% 18
\BOOKMARK [2][-]{subsection.1.9.1}{\376\377\000E\000R\000\040\000D\000i\000a\000g\000r\000a\000m}{section.1.9}% 19
\BOOKMARK [0][-]{figure.caption.6}{\376\377\000C\000h\000a\000p\000t\000e\000r\000\040\0001\000C\000:\000\040\000G\000R\000A\000P\000H\000I\000C\000A\000L\000\040\000U\000S\000E\000R\000\040\000I\000N\000T\000E\000R\000F\000A\000C\000E}{}% 20
\BOOKMARK [1][-]{section.1.10}{\376\377\000K\000e\000y\000\040\000U\000I\000\040\000C\000o\000m\000p\000o\000n\000e\000n\000t\000s}{figure.caption.6}% 21
\BOOKMARK [2][-]{subsection.1.10.1}{\376\377\000H\000o\000m\000e\000\040\000P\000a\000g\000e\000\040\000a\000n\000d\000\040\000A\000u\000t\000h\000e\000n\000t\000i\000c\000a\000t\000i\000o\000n}{section.1.10}% 22
\BOOKMARK [2][-]{subsection.1.10.2}{\376\377\000U\000s\000e\000r\000\040\000A\000u\000t\000h\000e\000n\000t\000i\000c\000a\000t\000i\000o\000n}{section.1.10}% 23
\BOOKMARK [2][-]{subsection.1.10.3}{\376\377\000C\000o\000m\000p\000l\000a\000i\000n\000t\000\040\000M\000a\000n\000a\000g\000e\000m\000e\000n\000t}{section.1.10}% 24
\BOOKMARK [0][-]{figure.caption.12}{\376\377\000C\000h\000a\000p\000t\000e\000r\000\040\0001\000D\000:\000\040\000S\000O\000U\000R\000C\000E\000\040\000C\000O\000D\000E\000\040\000S\000A\000M\000P\000L\000E\000S}{}% 25
\BOOKMARK [1][-]{section.1.11}{\376\377\000D\000a\000t\000a\000b\000a\000s\000e\000\040\000S\000c\000h\000e\000m\000a\000\040\000\046\000\040\000M\000o\000d\000e\000l\000s}{figure.caption.12}% 26
\BOOKMARK [1][-]{section.1.12}{\376\377\000C\000R\000U\000D\000\040\000R\000o\000u\000t\000e\000\040\000H\000a\000n\000d\000l\000e\000r\000s}{figure.caption.12}% 27
\BOOKMARK [1][-]{section.1.13}{\376\377\000E\000r\000r\000o\000r\000\040\000H\000a\000n\000d\000l\000i\000n\000g\000\040\000\046\000\040\000S\000e\000c\000u\000r\000i\000t\000y}{figure.caption.12}% 28
\BOOKMARK [0][-]{section.1.13}{\376\377\000C\000h\000a\000p\000t\000e\000r\000\040\0001\000E\000:\000\040\000T\000E\000S\000T\000I\000N\000G\000\040\000D\000O\000C\000U\000M\000E\000N\000T\000A\000T\000I\000O\000N}{}% 29
\BOOKMARK [1][-]{section.1.14}{\376\377\000T\000e\000s\000t\000\040\000S\000u\000m\000m\000a\000r\000y}{section.1.13}% 30
\BOOKMARK [1][-]{section.1.15}{\376\377\000P\000e\000r\000f\000o\000r\000m\000a\000n\000c\000e\000\040\000\046\000\040\000L\000o\000a\000d\000\040\000T\000e\000s\000t\000i\000n\000g}{section.1.13}% 31
\BOOKMARK [1][-]{section.1.16}{\376\377\000B\000u\000g\000\040\000R\000e\000s\000o\000l\000u\000t\000i\000o\000n}{section.1.13}% 32
\BOOKMARK [1][-]{section.1.17}{\376\377\000T\000e\000s\000t\000\040\000C\000o\000v\000e\000r\000a\000g\000e}{section.1.13}% 33
\BOOKMARK [0][-]{section.1.17}{\376\377\000C\000h\000a\000p\000t\000e\000r\000\040\0002\000:\000\040\000L\000I\000T\000E\000R\000A\000T\000U\000R\000E\000\040\000S\000U\000R\000V\000E\000Y}{}% 34
\BOOKMARK [0][-]{section.1.17}{\376\377\000C\000h\000a\000p\000t\000e\000r\000\040\0003\000:\000\040\000S\000Y\000S\000T\000E\000M\000\040\000D\000E\000S\000I\000G\000N\000\040\000A\000N\000D\000\040\000A\000R\000C\000H\000I\000T\000E\000C\000T\000U\000R\000E}{}% 35
\BOOKMARK [1][-]{section.1.18}{\376\377\000S\000y\000s\000t\000e\000m\000\040\000A\000r\000c\000h\000i\000t\000e\000c\000t\000u\000r\000e\000\040\000O\000v\000e\000r\000v\000i\000e\000w}{section.1.17}% 36
\BOOKMARK [1][-]{section.1.19}{\376\377\000D\000a\000t\000a\000b\000a\000s\000e\000\040\000C\000h\000o\000i\000c\000e\000:\000\040\000N\000o\000S\000Q\000L\000\040\000\050\000M\000o\000n\000g\000o\000D\000B\000\051}{section.1.17}% 37
\BOOKMARK [1][-]{section.1.20}{\376\377\000D\000a\000t\000a\000\040\000M\000o\000d\000e\000l\000i\000n\000g\000\040\000a\000n\000d\000\040\000S\000c\000h\000e\000m\000a\000\040\000D\000e\000s\000i\000g\000n}{section.1.17}% 38
\BOOKMARK [2][-]{subsection.1.20.1}{\376\377\000`\000u\000s\000e\000r\000s\000`\000\040\000C\000o\000l\000l\000e\000c\000t\000i\000o\000n}{section.1.20}% 39
\BOOKMARK [2][-]{subsection.1.20.2}{\376\377\000`\000l\000i\000s\000t\000i\000n\000g\000s\000`\000\040\000C\000o\000l\000l\000e\000c\000t\000i\000o\000n}{section.1.20}% 40
\BOOKMARK [2][-]{subsection.1.20.3}{\376\377\000C\000o\000n\000c\000e\000p\000t\000u\000a\000l\000\040\000E\000n\000t\000i\000t\000y\000-\000R\000e\000l\000a\000t\000i\000o\000n\000s\000h\000i\000p}{section.1.20}% 41
\BOOKMARK [1][-]{section.1.21}{\376\377\000D\000a\000t\000a\000\040\000F\000l\000o\000w\000\040\000\050\000C\000R\000U\000D\000\040\000O\000p\000e\000r\000a\000t\000i\000o\000n\000s\000\051}{section.1.17}% 42
\BOOKMARK [0][-]{section.1.21}{\376\377\000C\000h\000a\000p\000t\000e\000r\000\040\0004\000:\000\040\000I\000M\000P\000L\000E\000M\000E\000N\000T\000A\000T\000I\000O\000N}{}% 43
\BOOKMARK [1][-]{section.1.22}{\376\377\000T\000e\000c\000h\000n\000o\000l\000o\000g\000y\000\040\000S\000t\000a\000c\000k}{section.1.21}% 44
\BOOKMARK [1][-]{section.1.23}{\376\377\000D\000a\000t\000a\000b\000a\000s\000e\000\040\000I\000m\000p\000l\000e\000m\000e\000n\000t\000a\000t\000i\000o\000n}{section.1.21}% 45
\BOOKMARK [1][-]{section.1.24}{\376\377\000M\000e\000d\000i\000a\000\040\000a\000n\000d\000\040\000F\000i\000l\000e\000\040\000H\000a\000n\000d\000l\000i\000n\000g}{section.1.21}% 46
\BOOKMARK [0][-]{Item.8}{\376\377\000C\000h\000a\000p\000t\000e\000r\000\040\0005\000:\000\040\000R\000E\000S\000U\000L\000T\000S\000\040\000A\000N\000D\000\040\000D\000I\000S\000C\000U\000S\000S\000I\000O\000N}{}% 47
\BOOKMARK [1][-]{section.1.25}{\376\377\000S\000y\000s\000t\000e\000m\000\040\000F\000u\000n\000c\000t\000i\000o\000n\000a\000l\000i\000t\000y\000\040\000a\000n\000d\000\040\000S\000n\000a\000p\000s\000h\000o\000t\000s}{Item.8}% 48
\BOOKMARK [1][-]{section.1.26}{\376\377\000C\000h\000a\000l\000l\000e\000n\000g\000e\000s\000\040\000a\000n\000d\000\040\000L\000e\000a\000r\000n\000i\000n\000g\000s}{Item.8}% 49
\BOOKMARK [0][-]{section.1.26}{\376\377\000C\000h\000a\000p\000t\000e\000r\000\040\0006\000:\000\040\000C\000O\000N\000C\000L\000U\000S\000I\000O\000N\000\040\000A\000N\000D\000\040\000F\000U\000T\000U\000R\000E\000\040\000S\000C\000O\000P\000E}{}% 50
\BOOKMARK [1][-]{section.1.27}{\376\377\000C\000o\000n\000c\000l\000u\000s\000i\000o\000n}{section.1.26}% 51
\BOOKMARK [1][-]{section.1.28}{\376\377\000F\000u\000t\000u\000r\000e\000\040\000S\000c\000o\000p\000e}{section.1.26}% 52
\BOOKMARK [0][-]{chapter*.19}{\376\377\000R\000e\000f\000e\000r\000e\000n\000c\000e\000s}{}% 53
\BOOKMARK [0][-]{chapter*.19}{\376\377\000R\000e\000f\000e\000r\000e\000n\000c\000e\000s}{}% 54
